TN:
SF:src\response\errorResponse.js
FN:2,(anonymous_0)
FNF:1
FNH:1
FNDA:14,(anonymous_0)
DA:3,14
DA:4,14
LF:2
LH:2
BRF:0
BRH:0
end_of_record
TN:
SF:src\services\accountService.js
FN:7,(anonymous_0)
FN:17,(anonymous_1)
FN:38,(anonymous_2)
FN:55,(anonymous_3)
FN:68,(anonymous_4)
FN:93,(anonymous_5)
FNF:6
FNH:6
FNDA:2,(anonymous_0)
FNDA:2,(anonymous_1)
FNDA:2,(anonymous_2)
FNDA:1,(anonymous_3)
FNDA:2,(anonymous_4)
FNDA:3,(anonymous_5)
DA:4,1
DA:8,2
DA:10,2
DA:11,1
DA:14,1
DA:18,2
DA:31,2
DA:32,1
DA:35,1
DA:39,2
DA:48,2
DA:49,1
DA:52,1
DA:56,1
DA:65,1
DA:69,2
DA:75,2
DA:76,1
DA:79,1
DA:90,1
DA:94,3
DA:100,3
DA:101,1
DA:104,2
DA:105,1
DA:108,1
DA:119,1
LF:27
LH:27
BRDA:10,0,0,1
BRDA:10,0,1,1
BRDA:31,1,0,1
BRDA:31,1,1,1
BRDA:48,2,0,1
BRDA:48,2,1,1
BRDA:75,3,0,1
BRDA:75,3,1,1
BRDA:100,4,0,1
BRDA:100,4,1,2
BRDA:104,5,0,1
BRDA:104,5,1,1
BRF:12
BRH:12
end_of_record
TN:
SF:src\services\transactionService.js
FN:7,(anonymous_0)
FN:17,(anonymous_1)
FN:43,(anonymous_2)
FNF:3
FNH:3
FNDA:2,(anonymous_0)
FNDA:2,(anonymous_1)
FNDA:4,(anonymous_2)
DA:4,1
DA:8,2
DA:10,2
DA:11,1
DA:14,1
DA:18,2
DA:36,2
DA:37,1
DA:40,1
DA:44,4
DA:50,4
DA:51,1
DA:54,3
DA:60,3
DA:61,1
DA:64,2
DA:65,1
DA:68,1
DA:79,1
DA:90,1
DA:98,1
LF:21
LH:21
BRDA:10,0,0,1
BRDA:10,0,1,1
BRDA:36,1,0,1
BRDA:36,1,1,1
BRDA:50,2,0,1
BRDA:50,2,1,3
BRDA:60,3,0,1
BRDA:60,3,1,2
BRDA:64,4,0,1
BRDA:64,4,1,1
BRF:10
BRH:10
end_of_record
TN:
SF:src\services\userService.js
FN:7,(anonymous_0)
FN:17,(anonymous_1)
FN:34,(anonymous_2)
FNF:3
FNH:3
FNDA:2,(anonymous_0)
FNDA:2,(anonymous_1)
FNDA:2,(anonymous_2)
DA:4,1
DA:8,2
DA:10,2
DA:11,1
DA:14,1
DA:18,2
DA:27,2
DA:28,1
DA:31,1
DA:35,2
DA:41,2
DA:42,1
DA:45,1
DA:63,1
LF:14
LH:14
BRDA:10,0,0,1
BRDA:10,0,1,1
BRDA:27,1,0,1
BRDA:27,1,1,1
BRDA:41,2,0,1
BRDA:41,2,1,1
BRF:6
BRH:6
end_of_record
