TN:
SF:src\controllers\userController.js
FN:4,(anonymous_0)
FN:8,(anonymous_1)
FN:18,(anonymous_2)
FN:29,(anonymous_3)
FNF:4
FNH:4
FNDA:6,(anonymous_0)
FNDA:2,(anonymous_1)
FNDA:2,(anonymous_2)
FNDA:2,(anonymous_3)
DA:5,6
DA:9,2
DA:10,2
DA:12,1
DA:14,1
DA:19,2
DA:20,2
DA:21,2
DA:23,1
DA:25,1
DA:30,2
DA:31,2
DA:33,2
DA:35,2
DA:37,1
DA:39,1
LF:16
LH:16
BRF:0
BRH:0
end_of_record
TN:
SF:src\response\errorResponse.js
FN:2,(anonymous_0)
FNF:1
FNH:1
FNDA:21,(anonymous_0)
DA:3,21
DA:4,21
LF:2
LH:2
BRF:0
BRH:0
end_of_record
TN:
SF:src\services\accountService.js
FN:7,(anonymous_0)
FN:17,(anonymous_1)
FN:38,(anonymous_2)
FN:55,(anonymous_3)
FN:72,(anonymous_4)
FN:101,(anonymous_5)
FNF:6
FNH:6
FNDA:2,(anonymous_0)
FNDA:2,(anonymous_1)
FNDA:2,(anonymous_2)
FNDA:2,(anonymous_3)
FNDA:3,(anonymous_4)
FNDA:4,(anonymous_5)
DA:4,1
DA:8,2
DA:10,2
DA:11,1
DA:14,1
DA:18,2
DA:31,2
DA:32,1
DA:35,1
DA:39,2
DA:48,2
DA:49,1
DA:52,1
DA:56,2
DA:65,2
DA:66,1
DA:69,1
DA:73,3
DA:79,3
DA:80,1
DA:83,2
DA:94,2
DA:95,1
DA:98,1
DA:102,4
DA:108,4
DA:109,1
DA:112,3
DA:113,1
DA:116,2
DA:127,2
DA:128,1
DA:131,1
LF:33
LH:33
BRDA:10,0,0,1
BRDA:10,0,1,1
BRDA:31,1,0,1
BRDA:31,1,1,1
BRDA:48,2,0,1
BRDA:48,2,1,1
BRDA:65,3,0,1
BRDA:65,3,1,1
BRDA:79,4,0,1
BRDA:79,4,1,2
BRDA:94,5,0,1
BRDA:94,5,1,1
BRDA:108,6,0,1
BRDA:108,6,1,3
BRDA:112,7,0,1
BRDA:112,7,1,2
BRDA:127,8,0,1
BRDA:127,8,1,1
BRF:18
BRH:18
end_of_record
TN:
SF:src\services\transactionService.js
FN:7,(anonymous_0)
FN:17,(anonymous_1)
FN:43,(anonymous_2)
FNF:3
FNH:3
FNDA:2,(anonymous_0)
FNDA:2,(anonymous_1)
FNDA:5,(anonymous_2)
DA:4,1
DA:8,2
DA:10,2
DA:11,1
DA:14,1
DA:18,2
DA:36,2
DA:37,1
DA:40,1
DA:44,5
DA:50,5
DA:51,1
DA:54,4
DA:60,4
DA:61,1
DA:64,3
DA:65,1
DA:68,2
DA:79,2
DA:90,2
DA:98,2
DA:99,1
DA:102,1
LF:23
LH:23
BRDA:10,0,0,1
BRDA:10,0,1,1
BRDA:36,1,0,1
BRDA:36,1,1,1
BRDA:50,2,0,1
BRDA:50,2,1,4
BRDA:60,3,0,1
BRDA:60,3,1,3
BRDA:64,4,0,1
BRDA:64,4,1,2
BRDA:98,5,0,1
BRDA:98,5,1,1
BRF:12
BRH:12
end_of_record
TN:
SF:src\services\userService.js
FN:7,(anonymous_0)
FN:17,(anonymous_1)
FN:34,(anonymous_2)
FNF:3
FNH:3
FNDA:4,(anonymous_0)
FNDA:4,(anonymous_1)
FNDA:5,(anonymous_2)
DA:4,2
DA:8,4
DA:10,4
DA:11,2
DA:14,2
DA:18,4
DA:27,4
DA:28,2
DA:31,2
DA:35,5
DA:41,5
DA:42,1
DA:45,4
DA:63,3
DA:64,1
DA:67,2
LF:16
LH:16
BRDA:10,0,0,2
BRDA:10,0,1,2
BRDA:27,1,0,2
BRDA:27,1,1,2
BRDA:41,2,0,1
BRDA:41,2,1,4
BRDA:63,3,0,1
BRDA:63,3,1,2
BRF:8
BRH:8
end_of_record
